<?xml version="1.0" encoding="UTF-8"?>
<!-- Generated by org.testng.reporters.JUnitXMLReporter -->
<testsuite hostname="zhanghuideMacBook-Pro.local" tests="0" failures="0" timestamp="15 Aug 2017 11:16:03 GMT"
           time="0.003" errors="0">
    <testcase name="@BeforeSuite beforeSuite" time="0.0" classname="com.rabbit.first.test.controller.TestController">
        <failure type="bitronix.tm.resource.ResourceConfigurationException"
                 message="cannot create JDBC datasource named myDS">
            <![CDATA[bitronix.tm.resource.ResourceConfigurationException: cannot create JDBC datasource named myDS
	at bitronix.tm.resource.jdbc.PoolingDataSource.init(PoolingDataSource.java:92)
	at com.rabbit.first.common.jpwh.env.TransactionManagerSetup.<init>(TransactionManagerSetup.java:76)
	at com.rabbit.first.common.jpwh.env.TransactionManagerTest.beforeSuite(TransactionManagerTest.java:35)
Caused by: java.lang.ClassNotFoundException: org.h2.jdbcx.JdbcDataSource
	at java.net.URLClassLoader.findClass(URLClassLoader.java:381)
	at java.lang.ClassLoader.loadClass(ClassLoader.java:424)
	at sun.misc.Launcher$AppClassLoader.loadClass(Launcher.java:331)
	at java.lang.ClassLoader.loadClass(ClassLoader.java:357)
	at java.lang.Class.forName0(Native Method)
	at java.lang.Class.forName(Class.java:264)
	at bitronix.tm.utils.ClassLoaderUtils.loadClass(ClassLoaderUtils.java:63)
	at bitronix.tm.resource.common.XAPool.createXAFactory(XAPool.java:292)
	at bitronix.tm.resource.common.XAPool.<init>(XAPool.java:63)
	at bitronix.tm.resource.jdbc.PoolingDataSource.buildXAPool(PoolingDataSource.java:101)
	at bitronix.tm.resource.jdbc.PoolingDataSource.init(PoolingDataSource.java:88)
	... 29 more
... Removed 27 stack frames]]>
        </failure>
    </testcase> <!-- @BeforeSuite beforeSuite -->
</testsuite>
