-------------------------------------------------------------------------------
Test set: com.rabbit.first.test.controller.TestController
-------------------------------------------------------------------------------
Tests run: 1, Failures: 1, Errors: 0, Skipped: 0, Time elapsed: 0.284 sec <<< FAILURE!
beforeSuite(com.rabbit.first.test.controller.TestController)  Time elapsed: 0.213 sec  <<< FAILURE!
bitronix.tm.resource.ResourceConfigurationException: cannot create JDBC datasource named myDS
	at bitronix.tm.resource.jdbc.PoolingDataSource.init(PoolingDataSource.java:92)
	at com.rabbit.first.common.jpwh.env.TransactionManagerSetup.<init>(TransactionManagerSetup.java:76)
	at com.rabbit.first.common.jpwh.env.TransactionManagerTest.beforeSuite(TransactionManagerTest.java:35)
	at sun.reflect.NativeMethodAccessorImpl.invoke0(Native Method)
	at sun.reflect.NativeMethodAccessorImpl.invoke(NativeMethodAccessorImpl.java:62)
	at sun.reflect.DelegatingMethodAccessorImpl.invoke(DelegatingMethodAccessorImpl.java:43)
	at java.lang.reflect.Method.invoke(Method.java:497)
	at org.testng.internal.MethodInvocationHelper.invokeMethod(MethodInvocationHelper.java:84)
	at org.testng.internal.Invoker.invokeConfigurationMethod(Invoker.java:564)
	at org.testng.internal.Invoker.invokeConfigurations(Invoker.java:213)
	at org.testng.internal.Invoker.invokeConfigurations(Invoker.java:138)
	at org.testng.SuiteRunner.privateRun(SuiteRunner.java:291)
	at org.testng.SuiteRunner.run(SuiteRunner.java:254)
	at org.testng.SuiteRunnerWorker.runSuite(SuiteRunnerWorker.java:52)
	at org.testng.SuiteRunnerWorker.run(SuiteRunnerWorker.java:86)
	at org.testng.TestNG.runSuitesSequentially(TestNG.java:1224)
	at org.testng.TestNG.runSuitesLocally(TestNG.java:1149)
	at org.testng.TestNG.run(TestNG.java:1057)
	at org.apache.maven.surefire.testng.TestNGExecutor.run(TestNGExecutor.java:77)
	at org.apache.maven.surefire.testng.TestNGDirectoryTestSuite.execute(TestNGDirectoryTestSuite.java:110)
	at org.apache.maven.surefire.testng.TestNGProvider.invoke(TestNGProvider.java:106)
	at sun.reflect.NativeMethodAccessorImpl.invoke0(Native Method)
	at sun.reflect.NativeMethodAccessorImpl.invoke(NativeMethodAccessorImpl.java:62)
	at sun.reflect.DelegatingMethodAccessorImpl.invoke(DelegatingMethodAccessorImpl.java:43)
	at java.lang.reflect.Method.invoke(Method.java:497)
	at org.apache.maven.surefire.util.ReflectionUtils.invokeMethodWithArray(ReflectionUtils.java:189)
	at org.apache.maven.surefire.booter.ProviderFactory$ProviderProxy.invoke(ProviderFactory.java:165)
	at org.apache.maven.surefire.booter.ProviderFactory.invokeProvider(ProviderFactory.java:85)
	at org.apache.maven.surefire.booter.ForkedBooter.runSuitesInProcess(ForkedBooter.java:115)
	at org.apache.maven.surefire.booter.ForkedBooter.main(ForkedBooter.java:75)
Caused by: java.lang.ClassNotFoundException: org.h2.jdbcx.JdbcDataSource
	at java.net.URLClassLoader.findClass(URLClassLoader.java:381)
	at java.lang.ClassLoader.loadClass(ClassLoader.java:424)
	at sun.misc.Launcher$AppClassLoader.loadClass(Launcher.java:331)
	at java.lang.ClassLoader.loadClass(ClassLoader.java:357)
	at java.lang.Class.forName0(Native Method)
	at java.lang.Class.forName(Class.java:264)
	at bitronix.tm.utils.ClassLoaderUtils.loadClass(ClassLoaderUtils.java:63)
	at bitronix.tm.resource.common.XAPool.createXAFactory(XAPool.java:292)
	at bitronix.tm.resource.common.XAPool.<init>(XAPool.java:63)
	at bitronix.tm.resource.jdbc.PoolingDataSource.buildXAPool(PoolingDataSource.java:101)
	at bitronix.tm.resource.jdbc.PoolingDataSource.init(PoolingDataSource.java:88)
	... 29 more
Caused by: java.lang.ClassNotFoundException: org.h2.jdbcx.JdbcDataSource
	at java.net.URLClassLoader.findClass(URLClassLoader.java:381)
	at java.lang.ClassLoader.loadClass(ClassLoader.java:424)
	at sun.misc.Launcher$AppClassLoader.loadClass(Launcher.java:331)
	at java.lang.ClassLoader.loadClass(ClassLoader.java:357)
	at java.lang.Class.forName0(Native Method)
	at java.lang.Class.forName(Class.java:264)
	at bitronix.tm.utils.ClassLoaderUtils.loadClass(ClassLoaderUtils.java:63)
	at bitronix.tm.resource.common.XAPool.createXAFactory(XAPool.java:292)
	at bitronix.tm.resource.common.XAPool.<init>(XAPool.java:63)
	at bitronix.tm.resource.jdbc.PoolingDataSource.buildXAPool(PoolingDataSource.java:101)
	at bitronix.tm.resource.jdbc.PoolingDataSource.init(PoolingDataSource.java:88)
	... 29 more

