<?xml version="1.0" encoding="UTF-8" ?>
<testsuite tests="1" failures="1" name="com.rabbit.first.test.controller.TestController" time="0.213" errors="0"
           skipped="0">
    <properties>
[...]
</properties>
    <testcase classname="com.rabbit.first.test.controller.TestController" name="beforeSuite" time="0.213">
        <failure message="cannot create JDBC datasource named myDS"
                 type="bitronix.tm.resource.ResourceConfigurationException">
            bitronix.tm.resource.ResourceConfigurationException: cannot create JDBC datasource named myDS
            at bitronix.tm.resource.jdbc.PoolingDataSource.init(PoolingDataSource.java:92)
            at com.rabbit.first.common.jpwh.env.TransactionManagerSetup.&lt;init&gt;(TransactionManagerSetup.java:76)
            at com.rabbit.first.common.jpwh.env.TransactionManagerTest.beforeSuite(TransactionManagerTest.java:35)
            at sun.reflect.NativeMethodAccessorImpl.invoke0(Native Method)
            at sun.reflect.NativeMethodAccessorImpl.invoke(NativeMethodAccessorImpl.java:62)
            at sun.reflect.DelegatingMethodAccessorImpl.invoke(DelegatingMethodAccessorImpl.java:43)
            at java.lang.reflect.Method.invoke(Method.java:497)
            at org.testng.internal.MethodInvocationHelper.invokeMethod(MethodInvocationHelper.java:84)
            at org.testng.internal.Invoker.invokeConfigurationMethod(Invoker.java:564)
            at org.testng.internal.Invoker.invokeConfigurations(Invoker.java:213)
            at org.testng.internal.Invoker.invokeConfigurations(Invoker.java:138)
            at org.testng.SuiteRunner.privateRun(SuiteRunner.java:291)
            at org.testng.SuiteRunner.run(SuiteRunner.java:254)
            at org.testng.SuiteRunnerWorker.runSuite(SuiteRunnerWorker.java:52)
            at org.testng.SuiteRunnerWorker.run(SuiteRunnerWorker.java:86)
            at org.testng.TestNG.runSuitesSequentially(TestNG.java:1224)
            at org.testng.TestNG.runSuitesLocally(TestNG.java:1149)
            at org.testng.TestNG.run(TestNG.java:1057)
            at org.apache.maven.surefire.testng.TestNGExecutor.run(TestNGExecutor.java:77)
            at org.apache.maven.surefire.testng.TestNGDirectoryTestSuite.execute(TestNGDirectoryTestSuite.java:110)
            at org.apache.maven.surefire.testng.TestNGProvider.invoke(TestNGProvider.java:106)
            at sun.reflect.NativeMethodAccessorImpl.invoke0(Native Method)
            at sun.reflect.NativeMethodAccessorImpl.invoke(NativeMethodAccessorImpl.java:62)
            at sun.reflect.DelegatingMethodAccessorImpl.invoke(DelegatingMethodAccessorImpl.java:43)
            at java.lang.reflect.Method.invoke(Method.java:497)
            at org.apache.maven.surefire.util.ReflectionUtils.invokeMethodWithArray(ReflectionUtils.java:189)
            at org.apache.maven.surefire.booter.ProviderFactory$ProviderProxy.invoke(ProviderFactory.java:165)
            at org.apache.maven.surefire.booter.ProviderFactory.invokeProvider(ProviderFactory.java:85)
            at org.apache.maven.surefire.booter.ForkedBooter.runSuitesInProcess(ForkedBooter.java:115)
            at org.apache.maven.surefire.booter.ForkedBooter.main(ForkedBooter.java:75)
            Caused by: java.lang.ClassNotFoundException: org.h2.jdbcx.JdbcDataSource
            at java.net.URLClassLoader.findClass(URLClassLoader.java:381)
            at java.lang.ClassLoader.loadClass(ClassLoader.java:424)
            at sun.misc.Launcher$AppClassLoader.loadClass(Launcher.java:331)
            at java.lang.ClassLoader.loadClass(ClassLoader.java:357)
            at java.lang.Class.forName0(Native Method)
            at java.lang.Class.forName(Class.java:264)
            at bitronix.tm.utils.ClassLoaderUtils.loadClass(ClassLoaderUtils.java:63)
            at bitronix.tm.resource.common.XAPool.createXAFactory(XAPool.java:292)
            at bitronix.tm.resource.common.XAPool.&lt;init&gt;(XAPool.java:63)
            at bitronix.tm.resource.jdbc.PoolingDataSource.buildXAPool(PoolingDataSource.java:101)
            at bitronix.tm.resource.jdbc.PoolingDataSource.init(PoolingDataSource.java:88)
            ... 29 more
            Caused by: java.lang.ClassNotFoundException: org.h2.jdbcx.JdbcDataSource
            at java.net.URLClassLoader.findClass(URLClassLoader.java:381)
            at java.lang.ClassLoader.loadClass(ClassLoader.java:424)
            at sun.misc.Launcher$AppClassLoader.loadClass(Launcher.java:331)
            at java.lang.ClassLoader.loadClass(ClassLoader.java:357)
            at java.lang.Class.forName0(Native Method)
            at java.lang.Class.forName(Class.java:264)
            at bitronix.tm.utils.ClassLoaderUtils.loadClass(ClassLoaderUtils.java:63)
            at bitronix.tm.resource.common.XAPool.createXAFactory(XAPool.java:292)
            at bitronix.tm.resource.common.XAPool.&lt;init&gt;(XAPool.java:63)
            at bitronix.tm.resource.jdbc.PoolingDataSource.buildXAPool(PoolingDataSource.java:101)
            at bitronix.tm.resource.jdbc.PoolingDataSource.init(PoolingDataSource.java:88)
            ... 29 more
        </failure>
        <system-out>Configuring TestNG with: org.apache.maven.surefire.testng.conf.TestNG652Configurator@18e8568
        </system-out>
        <system-err>SLF4J: Failed to load class &quot;org.slf4j.impl.StaticLoggerBinder&quot;.
            SLF4J: Defaulting to no-operation (NOP) logger implementation
            SLF4J: See http://www.slf4j.org/codes.html#StaticLoggerBinder for further details.
            ?? 15, 2017 7:16:02 ?? com.rabbit.first.common.jpwh.env.TransactionManagerSetup &lt;init&gt;
            ??: Setting up database connection: H2
        </system-err>
    </testcase>
</testsuite>